#SigningKey: 3D0960E9 5C55BD76 A4A3FA29 99A80117 A8E95CE3 1CF4D6F7 6A2FD9BA 3CB18622 
#ClientRandomness: 8C732525 D8BB1A73 49E5F5EB 04EF434C 3055D43F 1F10096C 058DC0C5 90532C3D 
#ServerRandomness: DD119AAC 69BDEDD1 8EFC6681 E8A04E78 36E29489 AF66FD4A C29713AE 8C1C6509 
#Generating client ephemeral key...Done.
#ClientEphemeralSecretKey: 23297B9C 25D3F2C7 46F2F6B8 C9A59D89 5219C7DC 8AD566C9 891CE3D6 7ACEA6E8 
#ClientEphemeralPublicKey_X: E6B98113 BB75F7F5 7E6AD84F 629215CE D792CEA4 BDD5E410 72277857 F18DC8E2 
#ClientEphemeralPublicKey_Y: DC329B28 0B725B85 7CAC6DE2 590F83FC 110DC35D 31732750 BBE921CD 320872D7 
#Begin Certificate Verify...Done.
#HashedValue: DF931355 307A2618 3C7E4243 8C54F38C 691CAA12 E53B3C8D 27DD366C 4F93B409 
#(NonceK, Time):
D2FAB95D C9939DC1 16FD36AC BCD3AEC2 0CF9115C DBF3A541 13433B04 2DE46D70 , 325546
#ClientRandomness: 8B1DA669 B8EEF24C 47F5F327 047A8323 2079D822 DA1999CA E9F70DE6 86EAE08F 
#ServerRandomness: 0864062B 40DF7058 243A9B13 2A6DDDED 9AEDA98D BDC5B2F3 3785D703 1F61C948 
#Generating client ephemeral key...Done.
#ClientEphemeralSecretKey: C62E086E 1F682B60 64808E00 E806E00D 7FEA2A9B 66240873 9F4754F1 CEBC9655 
#ClientEphemeralPublicKey_X: E82A4551 995BE237 718E9543 436A2796 69FA8F1A CB690B2B A3761BB0 78B2C6A1 
#ClientEphemeralPublicKey_Y: B7291667 2FF99478 E6A2B34C 0896C6F1 123713C2 7B7BF78F D8972950 7368080A 
#Begin Certificate Verify...Done.
#HashedValue: D828AF93 DAD07007 6872CE2E 05E8F32E ADC917F1 06119F03 A6DC4BFC EF916687 
#(NonceK, Time):
ADEA929E D1A6BD8D 69729CB8 2CCBEEE7 E1FC7D56 96634881 04FE0EA8 9173C342 , 327636
#ClientRandomness: E40C4B05 F66304E9 C34ED054 5C3F7910 21AC1BDD CA3995D2 ECFD8D41 A69078AC 
#ServerRandomness: 227DDBE1 9A2869DE ADF87EE2 A289BBA6 F21AC7CB 13374C76 B526F4BA C7731345 
#Generating client ephemeral key...Done.
#ClientEphemeralSecretKey: 849071C5 BD0C2C15 6FCC1513 B3C7BAF2 A6BE89AE 626D876C 7495B1CC 3D1553CC 
#ClientEphemeralPublicKey_X: FD1C76D7 A4F93B45 8A7D3FAD 9BD39E85 6C6388E6 287309C0 6BA1D6C8 71A07817 
#ClientEphemeralPublicKey_Y: 6007CEF3 60EBAA2D BF650753 861D804E 192D4A75 ABDD3FE2 CD4282C9 A1C95CBF 
#Begin Certificate Verify...Done.
#HashedValue: 8CA41D28 79667250 CF323515 ECFD819E 0C1E32D5 81A6D8F3 9628F0BA C4A02393 
#(NonceK, Time):
296D636C B0CEBEEE B73CB456 86BF7651 A1C702F1 6A6C1893 BC3E2FAD B4CFB112 , 330163
#ClientRandomness: 55177CAE A17C7B81 E2004BC0 363014D4 0F5F4558 309A946B 2F2F5D7C 3A81D1A0 
#ServerRandomness: 5FD8393A 91B32FD5 DD3F1AB0 09B405D7 40FEB040 74302714 1B6F4A4C 35F5D4E7 
#Generating client ephemeral key...Done.
#ClientEphemeralSecretKey: 23977A34 A7B08A46 670D0BEF 1A94A633 8842E0FE FEAD566A C8989E25 57894A1F 
#ClientEphemeralPublicKey_X: 566DD0F2 9FFE3CBB 2BD41C01 63340044 4E6E8C86 97814D20 1A9CF7AA D3F0D729 
#ClientEphemeralPublicKey_Y: EBC5B29C 72EA79BC B0ACBFB7 FB8F91E9 2883992A 9FEF2EE0 71397855 63C55D85 
#Begin Certificate Verify...Done.
#HashedValue: 6637C146 28061066 48981242 054B9BA8 65888CDC A7CFC29C E72F8672 C2102D06 
#(NonceK, Time):
42DD792F AC9991DA F9EDDD69 89E6E28E 7AE6A688 4916E3C8 46D5F6CC 6DD992DC , 330675
#ClientRandomness: 998DA9C5 BDF332E5 D78B1F07 4962B589 B4C6F752 C75D9359 AC5AFD3B 02B343B5 
#ServerRandomness: F017040E 83046063 6829EE1E CEC85696 BCAEF17C 4781F300 44603328 147E8F20 
#Generating client ephemeral key...Done.
#ClientEphemeralSecretKey: ED60EC85 EE09681A 9FD8D526 338EC5EB 0D62937B C4A28E7D E8AA619E 82287865 
#ClientEphemeralPublicKey_X: EE072659 D1887857 CF935FDF EB6C8C78 14CC8640 FBE2016E 563A83F8 76E14B7C 
#ClientEphemeralPublicKey_Y: 16CF2219 618F3E95 8FB435F7 C5197C40 4674C002 F8057DB0 5543CA07 D915F041 
#Begin Certificate Verify...Done.
#HashedValue: CE6AB952 1ABDC24E D0FF29A3 70465EAE 0F9BABA2 0C47C2F1 165B7329 4BB3CC21 
#(NonceK, Time):
358E4DE8 9E38D7A6 EE6F6892 BD7E2CAD B48BB1E2 CE681766 FF7E54AE A02B8062 , 330389
#ClientRandomness: 1E180ACA 859720CE 98546A3F 6DD02EFC 1E81CAA0 55B83CD2 915DAF99 BD0AF2A7 
#ServerRandomness: 07BA8313 206DD82D 9A1DA9C9 BDF6F2E6 C78AD307 1C628929 A5BEF8D0 425C33F9 
#Generating client ephemeral key...Done.
#ClientEphemeralSecretKey: 38CBDEE7 A9711CB9 2E5C68D0 1EC32904 63F08540 F306C40D 8FE96A99 19DF22D4 
#ClientEphemeralPublicKey_X: 78C5E0D0 83C91E8C 2D6ECD51 BD113FE8 E5BB1F2B 16BC7F01 DCB018DD 50E298A1 
#ClientEphemeralPublicKey_Y: 2127AAA7 E56F345A FA1B27C4 6F40E4AB D5B6D0FF B3BBE239 83351902 F6D11CDA 
#Begin Certificate Verify...Done.
#HashedValue: A9E87B97 C9D4CD67 101EB846 6B45D323 61FDBCFD 36FA6C06 899A01DA FBD3406B 
#(NonceK, Time):
E5BC7256 97374BB1 64BF0E57 97674B71 64AE0E6B 8F62EB7E 1B2EA46B 977ACB5E , 336347
#ClientRandomness: 61AEABDC 7E39E2D2 CB9D9609 ACC6FD52 C29D93A9 AC1EFD08 42A6B3BA F413070D 
#ServerRandomness: C365904B 2C375D16 BAAEF1BC 47D1F33C 4471F324 447B7323 6479EB22 CE7996E2 
#Generating client ephemeral key...Done.
#ClientEphemeralSecretKey: 1DB22DB8 EDA3ED81 EDF9ED59 ECD96EDA 96D84925 E38C7A16 A7C88AE6 668D89EC 
#ClientEphemeralPublicKey_X: 9F4394E0 EC0A51D8 A7CA492B F93272A4 C77C203F EC52ACAB 170ED401 57CC9CD4 
#ClientEphemeralPublicKey_Y: 9AD94204 36F08101 74A1EDFF EAF55CE2 BF76E4A4 A7BF6AD3 38568540 F10E14E8 
#Begin Certificate Verify...Done.
#HashedValue: E6C8E387 2978AD95 FB4220E5 756D6D27 BEAB844F F22D55D3 35738A2B 5079149C 
#(NonceK, Time):
36B7C9B7 46C776F7 5DDC52D3 B2A93999 FF82D5FD 00188023 C005000A 4400F000 , 312095
#ClientRandomness: 00334015 F00F0404 03034061 F028441E B3087466 A72AFB7F 024003F0 0024001B 
#ServerRandomness: 400B7007 6402AB01 BE6072E8 278E9B04 6A636DE9 EEEECE8C 56A5FCBB 01734385 
#Generating client ephemeral key...Done.
#ClientEphemeralSecretKey: D48D31EA C29B0622 887BE0A2 7E7EA8A8 1E65A88F 1E11283C 605000C3 010403F0 
#ClientEphemeralPublicKey_X: 686956AC 791D174E F20B8D09 210ADFB7 D5EAD6BC BAAAECDB BE8F71FA 213A2D52 
#ClientEphemeralPublicKey_Y: 2DC731ED 9A87B4EA CB90B2CF F0DBF47D F0D489A6 7AF18CA0 D19F0E87 5393B519 
#Begin Certificate Verify...Done.
#HashedValue: F86BF3CA 3245399B FB44CB7A 3F0D005A 2A5192B6 AAB6D370 00FCFB55 C63AB3BC 
#(NonceK, Time):
8068FF66 E81E602E A4858E0A 5B68DB60 D36E3B6E A9EE9D6E B0E6BE8E 7736B448 , 326722
#ClientRandomness: 54E6BF4A F157079E 83086066 A82AFE1F 02C80396 800EE004 48037601 E4C04B50 
#ServerRandomness: 365C14F9 CF42D551 9C9C6969 ED8ECEC4 56937CAD E17D8B81 A60078C0 22501BFC 
#Generating client ephemeral key...Done.
#ClientEphemeralSecretKey: 39055C0C D0103FC6 D50B33E2 C57B8CA1 6E79175F B4D73131 43BCFA50 D8C5210A 
#ClientEphemeralPublicKey_X: 414B69E9 88F9261A 076DB611 DD46AF0E DC8C5A37 3810042C 48CA2F2C 30E792B7 
#ClientEphemeralPublicKey_Y: 9CF5A530 EBB53CCF A4CF74AD D9E1BCB9 45773F3A 779FB841 408FE5F0 5F2A8A85 
#Begin Certificate Verify...Done.
#HashedValue: 0D043D7E FD193573 575E277C 4561A58F 987D86B3 26A855A5 64793B80 40E60276 
#(NonceK, Time):
75D0B2C0 1A29279C DF2AAB9D CA3A985D CE2F9791 B76A349D D6AEB66D A8C29EFE , 332317
#ClientRandomness: 53BEBC10 710C27A5 DB1B1A6B 49EF75EC 24EDDB4D 9A55A9FF 3DE012E8 0F8E8504 
#ServerRandomness: 60A36879 EE22CED9 969AECAB 0D7F4680 30A01478 0F228579 A082F861 822863DE 
#Generating client ephemeral key...Done.
#ClientEphemeralSecretKey: 3497CE37 17B235B8 4DA06D83 920447F5 754F3317 C4370FB2 95BBCDA2 127E38A8 
#ClientEphemeralPublicKey_X: 4DB2A9D4 312349CE 20531C7F C1CA2B58 7092AF7A 212EED59 37AFD920 6AB23EA7 
#ClientEphemeralPublicKey_Y: 74D6E072 EDB2A3F9 A0E6A780 FBDB1474 EB6F5CA8 16D7ACE5 8A735446 9527D25B 
#Begin Certificate Verify...Done.
#HashedValue: 63463192 0E8AC0A0 01B7DF9F AD3FF660 C471AE84 30056155 9BE0518C C0E7AEA0 
#(NonceK, Time):
466D776F ADFE92AE B1A3BD82 0F7214B8 332BC467 E7FA755E C7838A01 15983220 , 323452
#ClientRandomness: AA0F3DC4 12F34F85 F50304A1 C3785042 BC31B114 77AF671C 2B69DE4E DAF45987 
#ServerRandomness: 79C2A1F1 BBE4722B 67DF6B38 2E729EE5 AA8B3DA7 52DABF9B 310B57A7 7F1AA16B 
#Generating client ephemeral key...Done.
#ClientEphemeralSecretKey: CBD09AC5 5909DC1C 2FD6EACB 66E2097B 1CA4AE73 1741B4FF 3151C33F 04528F3B 
#ClientEphemeralPublicKey_X: 0100C9DF ABCB7CD2 4A6871F5 313BBD84 E9BF7D78 53CCA656 0DCEF4CD 3739CB20 
#ClientEphemeralPublicKey_Y: E91B1936 16F719C4 3B86C99E E0AE1E53 B650E319 4989A357 74C9BFB0 11A263D1 
#Begin Certificate Verify...Done.
#HashedValue: 3F9DB82B 7B6CAE12 422F008A D90BA143 F708A709 38DEF8CA 845066DA 8E6B0567 
#(NonceK, Time):
3E49571C D474B0B5 585B5F27 FB915A3A 295DE32F B0C1BEFA 3F3CD453 AC3F1051 , 330162
#ClientRandomness: 111DCFA9 951EECA8 4D7EB680 74A02778 1B428A51 A5FC78E1 E2484BF6 B626F4DA 
#ServerRandomness: C75B135B 4C5B753B 64B36B75 EE470EF2 8685A0A3 3879D222 DFD9993A E9B30DD5 
#Generating client ephemeral key...Done.
#ClientEphemeralSecretKey: 08979E37 D7B235BE CDAB9261 C77A0B5E 1B282460 7080BE00 2805600C 8010FFC6 
#ClientEphemeralPublicKey_X: 1FE0803C 168469DD DE6D527A 06CA4480 E5260DC0 0CAED332 756B007C 4429B171 
#ClientEphemeralPublicKey_Y: 7B739DBA 7C7B4B43 C9C36AA5 F7DF96F5 B970CA97 1AA65D3E E026046D C435C663 
#Begin Certificate Verify...Done.
#HashedValue: C7497D2D 640FFF5F AB3460A3 AF48A9CF E15E3C6D 916852ED B2E6938F E71C1630 
#(NonceK, Time):
4AAD666F AE0297FE 1160BC83 054E0CE8 9104C3F6 4D506CC3 178135FC 1C98AE23 , 314015
#ClientRandomness: 6A09EDC6 CEF2D685 9CA32979 DD82DAC1 999069CC 2DF5DEE7 1A8A89A7 25DA98FB 
#ServerRandomness: 2A435DF1 FAE4418B 73C76432 AB15BE6F 32EC178D CF059563 2C89DD66 DA8AD9A7 
#Generating client ephemeral key...Done.
#ClientEphemeralSecretKey: E6C276FE B6A83665 C88F1E12 A83B1FA1 2A7CE753 F4C14EFA E958E325 FB89DA19 
#ClientEphemeralPublicKey_X: 3C854AF5 AF360453 393B1D3F E56DB1C1 7EDC7801 5BC7A87A D891E8B0 6970AB75 
#ClientEphemeralPublicKey_Y: 25554BCE 02474D84 F46D32FC 02367CB2 9D5CACD4 C7686289 C2AF06E3 B0B3E567 
#Begin Certificate Verify...Done.
#HashedValue: F6BFA47A 02934606 1B30D6A9 8F94707F 29FB6C6C 6F4F05A7 EF371570 494FBBB5 
#(NonceK, Time):
07DC8AD3 A1890219 FA78D8A5 F13B43A2 DB5F24D2 B3613B79 3FEED56B 9C06D00E , 325704
#ClientRandomness: 00A9C07E D0205C18 390A91A7 2FDA9D3B 2AB35DB5 FAD7019E 83C86036 A816FE0E 
#ServerRandomness: C2C45393 7C0DE105 8BA32619 D8CADA57 19FE89E0 65E828EE 9E4C6AF5 ED870EC2 
#Generating client ephemeral key...Done.
#ClientEphemeralSecretKey: EF2A6B9E 9A28D866 A08D01E9 829FF9D2 5D3ED3A8 3A66D88B 21E27D78 ACA09186 
#ClientEphemeralPublicKey_X: 5441E88F DEE43D82 83D4C203 CB163D4E AFAF6694 6A9CAA20 62B533C8 0A6967BD 
#ClientEphemeralPublicKey_Y: 5A95697E CDEA2367 FBA71219 C62DFAD1 03E7174F 86E82921 7ACAB000 91093558 
#Begin Certificate Verify...Done.
#HashedValue: 38D3937C 42614096 E733FE2F 45A598DE F46A45B3 B9998B4E BD1A33B1 081AD56C 
#(NonceK, Time):
C53A8C5D CD1F93D1 B79535C9 5E9DD62C AA4D98EA 9834DFB6 4F8F6A17 9F185425 , 330151
#ClientRandomness: 4A6835EE 94EC6F4D ED558E9F 26A818BE 8A7065E4 28EB5E4F 7AF42187 5BC2BA31 
#ServerRandomness: B1D477FF 67202B78 1E428AF1 A58478C3 6251EBFC 4E21F6D8 449AB36B 344F5734 
#Generating client ephemeral key...Done.
#ClientEphemeralSecretKey: EA4AE71D F429CF99 15DAB2DB 3921DC7F 2F526B38 1BA3A587 0DF192BF 4651773F 
#ClientEphemeralPublicKey_X: 2F71034D 50ED88EA D101317D 1086C91F F5024DC5 3726220E 13F2C8DA 370D11D3 
#ClientEphemeralPublicKey_Y: E6E09BCC 3F7F4B3F 6892633D 6E87CE64 7763271D A271CCA1 A669F9DA C0A0D5CA 
#Begin Certificate Verify...Done.
#HashedValue: 38BC0A99 4AB4C857 3091E759 F70E6AD6 A89B7777 7F567F72 70E8BF93 53405CC1 
#(NonceK, Time):
C4348FB5 5D4F5317 9A8459F5 4F086BE3 D7303446 38BF5E54 85A77271 613203BB , 322882
#ClientRandomness: D7E85F2E B97C7181 E7C04B30 367414E7 4F4AB557 349E9768 6F4EAD54 7E9F62A8 
#ServerRandomness: 2BBE9E10 6ACC2D95 DECF1A94 09AF45DC 30F9D442 DF319974 69876DC2 AEF1BE84 
#Generating client ephemeral key...Done.
#ClientEphemeralSecretKey: 8B3F6451 0F3F9457 4F316BBF 1A57A737 8BB265BD 8DACED96 6DCE12EB B967A372 
#ClientEphemeralPublicKey_X: 13849BD4 BE430CBF 5994003D 7CFF1B36 A5A7879F C920AD31 C35DC541 6613FBBD 
#ClientEphemeralPublicKey_Y: EC814FD6 897013A8 1DD12BC7 3EE9FA99 166A76A1 5E389559 E7929C45 5514DE9C 
#Begin Certificate Verify...Done.
#HashedValue: 389ED9C6 33824A9C 83D546D8 F66F9C4B 58116510 9F2832CA F4A58F8B ED5741D5 
#(NonceK, Time):
A27F0751 AABB19A1 C8071FF2 76803603 1AC826E0 C71C0BD6 9DB55249 56B7C9B4 , 318675
#ClientRandomness: F75EC758 535ABC5B 313B57B3 7F15E16F 0B8C0605 C0C31051 CC3C5511 FCAC417D 
#ServerRandomness: F3818400 63002860 1E280ADE 859860CA A8573E3E 92D06F9C 2D09DEA6 DABAD9B3 
#Generating client ephemeral key...Done.
#ClientEphemeralSecretKey: 61C182FC F956DCCD AEE9969A C9DE1D2E 2C686F60 94804E05 E80CE015 FFC9D519 
#ClientEphemeralPublicKey_X: 4516CFAA B762EFB1 13A481B8 297B6822 6FDA5889 C24D5A02 E9F5DE94 94B12CDE 
#ClientEphemeralPublicKey_Y: 1D7BC2F8 CAAE6F69 4EA210FD D8F0BCAD 2A608CBE 2B469706 CFA06B61 740DF790 
#Begin Certificate Verify...Done.
#HashedValue: DAE5DD10 7929B63F 9C901AFD C779B669 09E59F08 7A2CEA16 90DDECD7 91A7F12F 
#(NonceK, Time):
066C8893 A1FE02AD B263B882 0FBE15A8 9317C432 65F50D4F 67238B84 37BA4A58 , 316643
#ClientRandomness: 31D697FE EF204D78 368294A1 AF787D42 A291BBAC 721DE7C9 8B36E676 C8E6D64A 
#ServerRandomness: DCF71946 8992E5CD 88F5A647 38F29245 AFF33D25 D2BB1FB3 4915F5AF 04DC0359 
#Generating client ephemeral key...Done.
#ClientEphemeralSecretKey: 7F3EABA8 9A66D88E 21EEFD6B D3613B7A 5B585B23 DB84A5F5 0D49131C 3BD05AC0 
#ClientEphemeralPublicKey_X: E8D13D3A 1E5C7960 C804F6C8 0F9165C5 73ABA765 EC3DFE58 3FC60B26 D13FA457 
#ClientEphemeralPublicKey_Y: AC4C0545 764443F3 098844CC 4FDAAF37 133396BF A0E0C6EA 7F0F6033 8B4F65B5 
#Begin Certificate Verify...Done.
#HashedValue: 235B79A1 963B7BEE B9B32274 48BC99C1 0A1C7930 F135E716 9C493BF0 71ABD2FE 
#(NonceK, Time):
883FE052 A28F0611 AA8819E5 E0087FE6 F6004806 32E04680 0F9615C8 531DC42C , 304650
#ClientRandomness: 4A9DF5A9 84DEE358 485AB63B 34D3575D FF59815A E39B080B 460770C2 A451BB3C 
#ServerRandomness: 7271E7E4 4B2B767F 64E02B48 1E568AFE E58048C0 365014FC 0F41C550 509C3C69 
#Generating client ephemeral key...Done.
#ClientEphemeralSecretKey: 14C9311C 43D0FAC0 5906DC08 2FE66A88 19E32284 F9F3DD41 ACF91159 BCDF2ED1 
#ClientEphemeralPublicKey_X: FCD727E8 D2D99007 D40CF4BA 32917567 E8A8FCE4 7AE41197 4A72D933 846297BF 
#ClientEphemeralPublicKey_Y: 3592B92F 66798759 FE48318D F7F54B31 CC9AAFB0 9C342CD8 DE75C92B 37821AA1 
#Begin Certificate Verify...Done.
#HashedValue: 8A63D84B 7EBF700D 4B45344D BB36A847 D0FBF221 D33C43F0 8B7D500D 11B3A63C 
#(NonceK, Time):
DC7CAF55 9ADB5921 C7190BDA E5B5F249 4F37EBB4 5F3F5457 9A3F5851 A72F0B91 , 334830
#ClientRandomness: 5D1ABAAB 31BF57D0 3F3C1171 CF845503 7CA1E178 4B82B601 B4C07750 275C1B59 
#ServerRandomness: CA5AD5FB 1CE34949 F596C4CE D3545C5F 793821B2 9BD5AA3F 3DD012FC 0F81C500 
#Generating client ephemeral key...Done.
#ClientEphemeralSecretKey: DFD32AC2 E6FB76A2 367BC8A7 1E7228B8 E1A37D82 ADF812A5 B98F2211 783CA050 
#ClientEphemeralPublicKey_X: 30D0B1BF 7D512E3C B803B05D 25136908 31EB646C C23F453A 6DDBD71E 70DD9374 
#ClientEphemeralPublicKey_Y: 225A4AFD E4FD0A52 F91BE3BA 11B851E2 22E792AD 2BB48563 9D2DC933 8570CAA7 
#Begin Certificate Verify...Done.
#HashedValue: CCE8EF7C 8D3F9543 67E6ECAE 3EF485BE B6E125D6 403CC2DE 8849F79A 931AEC5C 
#(NonceK, Time):
1209381C DDA0AD85 3AB259B8 3D07D3F7 449071C3 156D336C BC0EAFEE B4C0B106 , 319494
#ClientRandomness: 50777C26 A11AFBAB 021F43C8 30369416 EF0ECD64 568B7CA7 617AAB83 3E01D2C0 
#ServerRandomness: 5F90390C 11A5CFDB 153B4CB3 7575E487 0B628649 A0F6F846 C232D3D5 9C3F2910 
#Generating client ephemeral key...Done.
#ClientEphemeralSecretKey: 26A47670 3743CB07 9BF1DABA 265E7728 B460B086 3E0D57EC CA9099C5 DD0AAC1D 
#ClientEphemeralPublicKey_X: B348FB66 7396CC6C F45D24F6 344E807D 74997496 528D158C EAF2D1D7 B67DC85A 
#ClientEphemeralPublicKey_Y: C704C824 7AF3BE33 EF2DDF7F 399521FE 033BA25C 71D6EABE 701BBC6D A4E8224F 
#Begin Certificate Verify...Done.
#HashedValue: 68784C21 AE0CD26B 188D6B4F 5ABE552C 160415E8 60FD8143 C5FE6376 235088BB 
#(NonceK, Time):
6BC21AFB 2C4CEF13 A9D41D35 40E97E9F CC36904D 6FCF9514 950C4C15 8C106FC5 , 322918
#ClientRandomness: 0C65C52B 10BF4C70 352414BB 4F737545 E4930B6D C64D90F5 AC473D32 92B5AFB7 
#ServerRandomness: 3D1692AE EFBC4D11 F6AC44BD F3718444 63336875 EE270EDA 869B20AB 587F7A20 
#Generating client ephemeral key...Done.
#ClientEphemeralSecretKey: CD459309 C41A0FDE 952B4C61 EF7CEB55 E4C9F119 43DAFAD8 D925238A FA1BD821 
#ClientEphemeralPublicKey_X: DB46C1D8 883A8805 5A5EA22E 497961D3 AAFA7EE8 608C804F 13CCAA3F 5095E2D3 
#ClientEphemeralPublicKey_Y: 97E32250 8B6AF808 6B0C4C5D 803D1F5E BA07C688 B8DA583E B4E157E5 599A75B4 
#Begin Certificate Verify...Done.
#HashedValue: 423E8772 3CEB6541 6A1D73B2 FEF154AC D84CF7CE EFACD18C C3B5E870 80B222EA 
#(NonceK, Time):
4784F5F0 75983223 DA3D27AA 832FFB92 A0FA015D D233B841 11AF3D94 8D726CBD , 324148
#ClientRandomness: E7A58B1B 266B58EF 7A4C21F5 DBE71A2A 89DF25F8 18E28A49 A5F6F8E6 C24AD3F7 
#ServerRandomness: 1C26891A E5AB08DF 465830FA 94432F31 DD745A87 79A2A1D9 BBFAF223 07D9C33A 
#Generating client ephemeral key...Done.
#ClientEphemeralSecretKey: 17AFB597 3231C7BF 8A51E73A F45D4F2A 6B9B9A24 5875DF4C AB151BC9 251C73D0 
#ClientEphemeralPublicKey_X: 975604F9 5D03D04D 5648DE62 279F5E96 8B69468A 9C2F1B9D 0D88CFEA D49A3846 
#ClientEphemeralPublicKey_Y: 78BDB977 F4B6C1EC 21109E26 A0D8C9D7 FA2F2963 FC7BDFB7 5F38B7F5 E6D9B03F 
#Begin Certificate Verify...Done.
#HashedValue: 7D36875D EF95F40C 8447710B 25518ED8 CD310B15 EED0E562 21D45FCC 67630D8F 
#(NonceK, Time):
8C926E3D 1BEDA56F BF46AB0E 7424B070 7A4A271B E934E3B5 54DF4ED7 98795F59 , 331434
#ClientRandomness: 21CA9BF7 2A269DDA EAFB0D83 46C1F090 446C332D D47D9F21 A9787D82 A2C1BB90 
#ServerRandomness: 720C27C5 DB331A75 C9E715EA 8CEF254C 1895CA6F 15EC0CED C54D9095 AC6F3D2C 
#Generating client ephemeral key...Done.
#ClientEphemeralSecretKey: AFA01585 B20FB812 203DFFAF D591B239 B85AA0DE 812E7C6D AF6C1495 B1CFBD12 
#ClientEphemeralPublicKey_X: 0F265340 591645F4 AD60DE83 D23EB6C7 4D08C188 D971CD37 2CB74116 295E6F23 
#ClientEphemeralPublicKey_Y: 5ED1CF14 25B8E2DD 5560713D E3ECD1EF 066B1B41 B8E8BCDD C50E2DED C34663B6 
#Begin Certificate Verify...Done.
#HashedValue: 873B159F 2D1F4922 02E4F633 E2C02704 106C1377 A5EC344C FA065C65 3968C0CE 
#(NonceK, Time):
21127C38 3A55D8CF 7531B3BC 021F87D7 88A56189 52A2C678 2182FDFB 3A78D8A3 , 319819
#ClientRandomness: A2133BCD D2359FD7 293E9DB0 6AD42D9F 5EC83A96 91AEEFDC 4D39F6B2 C4B59377 
#ServerRandomness: 2C469D32 EAB58DB7 26D6989E EA684DEE B6EC748D E7658B4B 265758FE BA4071F0 
#Generating client ephemeral key...Done.
#ClientEphemeralSecretKey: FBEC5A96 D9C8A2E5 868AF61E 482EE068 FF65548A 4E1BE824 E0757F4A 2B1BE427 
#ClientEphemeralPublicKey_X: 764806AC 26990389 AD1D1133 664D2AB6 6A4ED461 9BBBCA52 A72E4E55 E7A1E86C 
#ClientEphemeralPublicKey_Y: E799EBE6 DBF7DF24 543BF37A B1AA55F5 EE0FA357 07D92A01 5C1B065C 1207D67B 
#Begin Certificate Verify...Done.
#HashedValue: D33382E5 39BACB2B 01C64531 17F0F4C2 B573CE53 E01ED310 09F02CEC C66F969C 
#(NonceK, Time):
9146430D 7D44ACF0 788421F3 79A82263 D9F222BE 0BE39A87 2A466708 5834DFB0 , 316152
#ClientRandomness: 173A8F73 2545D893 1A6DC9ED 95EDACED BD4DB295 B7AF371C 1769CF4E D5545C9F 
#ServerRandomness: 7968218E 9BC46A33 6DD5EEFF 0E8006A0 00B80072 8025A01B 380B5207 7FC2A131 
#Generating client ephemeral key...Done.
#ClientEphemeralSecretKey: D45030C6 C10B03E2 05780CA0 9183C202 07FE8AAB E662777E 34ABCE67 1772B4BB 
#ClientEphemeralPublicKey_X: A58CB5C9 F74B3D08 BE6D60C2 14A1C58C 7FCEFC08 20EAB92A EF5EDE0D 5FAC26F2 
#ClientEphemeralPublicKey_Y: 5914A7E0 56771B2F 5730947A FB206910 3FD7B864 D874F936 8B525B68 75137B85 
#Begin Certificate Verify...Done.
#HashedValue: 47023F40 0FC106DC 7300FF05 906BDB28 40149AC8 6AA58643 C9800438 3B74C1D7 
#(NonceK, Time):
38515F3C 1591B23F 1C3DAFAF BECFA912 AC5C10D5 81D17D39 3069C09F D71EB42D , 327686
