#SigningKey: 3D0960E9 5C55BD76 A4A3FA29 99A80117 A8E95CE3 1CF4D6F7 6A2FD9BA 3CB18622 
#ClientRandomness: 1FA9CA9E D6285F5E BAD8721A A44B38B7 51F6BC66 F2AAC43F 10900FEC 06ADC33D 
#ServerRandomness: 93F1AFA4 7E9B612B 683F6D90 2D4C1D15 C92F163C 0F51C6DC 5319FFEA C2AF103C 
#Generating client ephemeral key...Done.
#ClientEphemeralSecretKey: 5C522F3A 945A30DC 3ED1A93E E3AF8590 8DC792F3 3940A302 FBFF2553 8CC6910F 
#ClientEphemeralPublicKey_X: 1A909FAA 01A96CD0 753AC180 2F222E44 ED88CDE4 3030C44C B7C4E85E 60EDD7A6 
#ClientEphemeralPublicKey_Y: 8766DA7A 206E1912 360A8307 9B509A7F F3672A81 0CEB10BC 6DCD895A A8E92D2D 
#Begin Certificate Verify...Done.
#HashedValue: A57B7306 20316B39 D2AB058E A0ECB5EC D877B9CE EE6B7E26 A127FB86 EABB9334 
#(NonceK, Time):
A2D2793C 929A39DC 5D8E2DEA 02BB79A5 6884E1F1 FCABAE60 58E1A17D 8BB51A48 , 324625
#ClientRandomness: 374754D2 BCDDB2D9 B41AF48B 04E740CA B3D737BE 94906CEC 2ECDDD15 992F2A3C 
#ServerRandomness: 1E51C97C 5601FF40 42D0301C 1789CC86 D6E2DF09 9AE6EA0A CE471572 8F05A6E3 
#Generating client ephemeral key...Done.
#ClientEphemeralSecretKey: B77ACB5F E4D08EC4 96F736B0 B642C8FF 61537CC6 510A3C1A AFDA6ADC E6D1093B 
#ClientEphemeralPublicKey_X: 30C68160 9D7C115B 2B20E3F9 E062A154 9F95BA54 E3A7FF06 2E4EB4C3 648E9E0C 
#ClientEphemeralPublicKey_Y: 8006461F 72A01E98 4E1A836D 978A7359 30BA6410 8635AE88 64B02554 64FC90AD 
#Begin Certificate Verify...Done.
#HashedValue: B8E52492 83B9C7F0 01336A02 8CE6CF61 C7E35CB5 7B5B0CB0 DFBD6F3A E2178259 
#(NonceK, Time):
56A83662 50C1BEFD 893F1C50 22DC86D2 2A9A99DA 780E5FEA 09836205 AAFBE6A3 , 321685
#ClientRandomness: C19F1048 0FB68696 E32ECBFC 55A1FF58 42DAB01B 378B5487 7CE2A2C9 B816F18E 
#ServerRandomness: C44450B3 7FF5E2A7 083A8593 234DDBD5 99BF2A50 1E7C0961 C6085346 BFD2F2BD 
#Generating client ephemeral key...Done.
#ClientEphemeralSecretKey: 294E9CEA AE9F69D0 E2C106FB 76A5498E 1DEA5299 B9DD5D28 AC61EF7B 94A03184 
#ClientEphemeralPublicKey_X: 0749BE1E 8ED49E78 33E68E17 0C97A9AD FD9D1016 540823AF FD090083 C375B5B7 
#ClientEphemeralPublicKey_Y: 91B342D6 590D5E04 5A00985D 08BFBEB7 B57FEDD1 511FD973 ACAB01D6 8ED482C6 
#Begin Certificate Verify...Done.
#HashedValue: 9646771C 4A8C88A4 64749D79 36473C29 224B7CFE 4A16366C E314DDB7 12F179E0 
#(NonceK, Time):
18C75EF5 CFBFEA50 3714B432 EEB6964C E5440CF7 D707CBF0 F0B3BE40 9B24A477 , 330947
#ClientRandomness: 58EB79CF 62742867 5DAAB95F 3218144A 8CB726F6 9B06E9E2 CE69956E EF0C4EE5 
#ServerRandomness: F50B0727 40FAB3C3 37B1D494 5CEF7ACC 2215D84F 19B40A57 467EB360 77C824B6 
#Generating client ephemeral key...Done.
#ClientEphemeralSecretKey: EA8E99EC 22940631 F7BEB5AC 4D941232 47B90A5E E72A0B9F 65D572CE C6E9F698 
#ClientEphemeralPublicKey_X: C4730268 87DFCB1E BAAEDB33 66C162B4 A92B1145 F4BC14C8 7767CD33 1D97D4B1 
#ClientEphemeralPublicKey_Y: 68B92F33 7E943D39 A3209CA0 CB79806B 416B8172 37DAB37B FACD96E3 E6196066 
#Begin Certificate Verify...Done.
#HashedValue: D8C89283 F79EA3A4 543C757B FCA8359A FBDC2FA7 32488473 144EE9F4 66BBBB88 
#(NonceK, Time):
240B0FE5 6343FB05 B6E7C973 EED596C8 CD5A6CDF 4F8215FA A71B7420 4BB69A49 , 328329
#ClientRandomness: 377754C6 BCD2F2DD 8419A08A FBE701AA 805F23B8 1B92898D A645BB73 31C5D473 
#ServerRandomness: 1CA5CAFB 16034F41 F6D0471C 30E9D7CE DCB45AF7 7A06A242 F87181A4 605B6BBB 
#Generating client ephemeral key...Done.
#ClientEphemeralSecretKey: F7FC3557 B336444C 8F111438 CFA26A7F 6756F4C9 311B3C25 2F8D15ED 4D6D936D 
#ClientEphemeralPublicKey_X: 1BECBD4E 8F67621A 3B0B90EC ED2BFE8D CD422E00 BD30ABE3 D30140A2 55838865 
#ClientEphemeralPublicKey_Y: 5BC92B07 6DB05CC9 38B24A4F 310FE681 53EE5E78 321CBFA4 1B10B78C DF90B56A 
#Begin Certificate Verify...Done.
#HashedValue: 5F848526 0169B380 D889155A C3DEF2DD 70F37DC5 3B8F5F94 CBA6C910 3D75F7A7 
#(NonceK, Time):
1280C602 858B8DE3 413B83A5 7C5CD0D1 38D2A13A BDBA525C 54B431B2 F064BF74 , 317239
#ClientRandomness: 28C41DD3 497DF601 874060D0 2BDC1DB9 C952D61D 9F49AAD6 FE1EC148 5016BF8E 
#ServerRandomness: F2844423 7099E7EA C8AF15FC 0F61C6C8 5316BFEE F2AC443D F09187EC 60ADEBFD 
#Generating client ephemeral key...Done.
#ClientEphemeralSecretKey: 6C1F6FD6 EAC9191B 5C252F8E 95EA329C B9D25D3C AC516F38 EBA11A7B 58A5A18D 
#ClientEphemeralPublicKey_X: 2B530EF8 E50AF844 400FE78C 5470C9AF D264EF8A 39BDFA9D B067AF14 250FB3A5 
#ClientEphemeralPublicKey_Y: 7CC24DAC 5E76D393 CCDF7FA9 819745F3 B2C32C31 A6E87570 98230510 9C2A8214 
#Begin Certificate Verify...Done.
#HashedValue: D21B35CE 54EDC8F7 C02401EF D0218541 55CB9814 077D3E56 E5209A83 D1B90FF9 
#(NonceK, Time):
15C6CD0A D42F4F93 3049BF1E 57173436 D8B6DE4C EBA41A77 D451CF38 A0527F3C , 327687
#ClientRandomness: 3C381292 8C2DA69D BB29B1FE F46044A8 30FE97C0 6CB02EF4 1D074922 B639B752 
#ServerRandomness: F4DD84D9 A0DAFBDB 01BB4053 73BDE791 888C65E5 EB6B0DCF 45743307 57E2BCA9 
#Generating client ephemeral key...Done.
#ClientEphemeralSecretKey: EE541737 4BB51A4E D8EA5E9F A9D5E2CB 06E3F686 B60CC817 E0308044 00F4FEB2 
#ClientEphemeralPublicKey_X: D90E9361 E43C5D53 9C90B8C8 E441B307 87095319 34DA79BA EA0FD3F1 2ED9AB4B 
#ClientEphemeralPublicKey_Y: 6B5662DC 91B2D608 F4F8CBC3 8F956E2E 52D5CB03 E25B07C8 B0F77E55 72C2313F 
#Begin Certificate Verify...Done.
#HashedValue: 8E7500E3 27FB3ED1 FCE9DCE6 8AD40E05 CDED0709 18D32589 EB1459E9 5CF5572D 
#(NonceK, Time):
D572CCBC 88081FE4 6A83E605 B40BCFE3 4E439705 BF77D4B3 EC289064 75C9CD1D , 323872
#ClientRandomness: 96072F42 9ED1A91C 7E29E15E C818558A BF4732D2 941DAC89 BEE6F10A C427109A 
#ServerRandomness: 8FEB26AF 5B3C39F1 D2645C6B 7AAF623C 2851DDBC 5951FA1C 4249F076 C7A6D09A 
#Generating client ephemeral key...Done.
#ClientEphemeralSecretKey: 650273FA 455A0CDA EEDA96DC B6D74930 1C42D0FA C15C7CD7 51363C4A AF1AEBDF 
#ClientEphemeralPublicKey_X: DC21490D DD7044F6 12A799AA 34E06209 3B8BB4A1 7FADC9F5 ED14D59B 45CD7679 
#ClientEphemeralPublicKey_Y: F1DCF10B A301B297 C3663648 7790B90A 6EE6349B 6CB36D1A EF9ECD06 136E9D1F 
#Begin Certificate Verify...Done.
#HashedValue: 007929C5 9629D0F9 C084DAB9 61B2B553 4DA36B9C 01D6C20F 24592201 1609CC4B 
#(NonceK, Time):
AF136BC0 89369C4F FADC26D7 111AC3DA 75564CCA CA0267FF 8E231780 8369849B , 323557
#ClientRandomness: 6E41ED70 4D043523 5739FCF2 C2C59013 2F8DDE85 99232A39 DE52D97D 9A01AA40 
#ServerRandomness: 7E702164 180B4987 7642A771 B8C471D3 647DE8A1 8DF86562 AB09BDE6 F16AC40F 
#Generating client ephemeral key...Done.
#ClientEphemeralSecretKey: 28C41EF1 D6BE49AF 9D952DC8 92E2397C A352FB3F A450F0C7 3EF3A946 E30F8410 
#ClientEphemeralPublicKey_X: 2AFA6367 12ADFBC6 D0AB0F76 B9CF652B 0D1A6DFD F1B4B9A7 CFB669DB DA8E2973 
#ClientEphemeralPublicKey_Y: B442873C 238D599E 5265266B 21D49B9B 3189BCE1 477A5CED DD18646A A7AD0E19 
#Begin Certificate Verify...Done.
#HashedValue: B366B404 6256ABDD C77DBD81 A71A22A1 F6B4CB8E 0A1FE4D1 03D2E235 D70AE7AB 
#(NonceK, Time):
E8BF9E50 3CA4AE72 ECE19178 ADF56D48 D9A05D87 BBF1DABB BD405304 A487F1F3 , 331045
#ClientRandomness: 609B6BEB 6DAF6D5C 2D19DD2A D93F1A30 0A54067F 436033C8 17B68C96 E6EECB0C 
#ServerRandomness: 55E5FF6B 02CF4014 338F5784 3C8352E1 FC084286 B022F799 848AE0E7 0BCA85B7 
#Generating client ephemeral key...Done.
#ClientEphemeralSecretKey: CADCE6D4 093763B5 7A4ED8E9 DE98D624 C874E0B4 01B77DB5 524EB8E9 DE9B5623 
#ClientEphemeralPublicKey_X: 00CD14C3 0AFB6AE5 75DCDD56 46BA52C6 C2591466 7E5D0C3D 3D51D34A 4255BFED 
#ClientEphemeralPublicKey_Y: E7561CE6 B3125846 A0CE3178 07D10209 638F47CF BC5454CD 1FD7F1B0 5345F2C5 
#Begin Certificate Verify...Done.
#HashedValue: B5915828 F86CCB16 7BC981AE 6F41A26D 2A7B7429 C1AEDC66 C69802E9 2F1DB96C 
#(NonceK, Time):
1E1AD7DA 7666488A CAFD66AB 061077C1 81E6828F F865208B C99D622B 06FE76A9 , 318887
#ClientRandomness: C142D011 9F8C6A85 EE230D59 C51AD32B 1FFF4AA0 36381752 8CDDA6D9 BB1AF1EB 
#ServerRandomness: 046F40AC 33FDD7A1 9C986AEA AE0F3D44 11134C2D F69D8729 A0FEFBC0 41B03054 
#Generating client ephemeral key...Done.
#ClientEphemeralSecretKey: B708CBE7 6573F345 BB085BE4 25720CB9 EE5E172F CB96E5CC 0D17EC36 904CBF17 
#ClientEphemeralPublicKey_X: AB47F52C 323228DB 2A58D488 DF8CC284 6B21A2B6 060877DB 8D35F766 FB25DE85 
#ClientEphemeralPublicKey_Y: 8BF234AD B51E49AA 39831D88 569CF540 DC80CC99 6CA71353 A6A084B7 F283B0F3 
#Begin Certificate Verify...Done.
#HashedValue: 6BB072FE F454212C 69AABACE 723FB41A 1EA1A4DC 9D7A72E2 7313712F AD06F741 
#(NonceK, Time):
66B3F645 B7C4CAF7 C68FF610 35CBB2E6 662FF795 17E9CA9E 5C852E0E EAEB1963 , 334947
#ClientRandomness: CDAF155C 0F19C6EA D30F1FE4 0AAB463F 735027DC 18B9C9F2 D6659F6B 2ACF5E14 
#ServerRandomness: 394F5214 3C4F52B4 3C375296 BC2EF29C 4429F09E C7E850AE BFFC72A1 E4384892 
#Generating client ephemeral key...Done.
#ClientEphemeralSecretKey: 19995DDD AD2D6C68 6F62EB79 1B5BDB26 DB8CDA14 D834DFB4 D5B4CDB4 6DB7EDB5 
#ClientEphemeralPublicKey_X: FC8103C4 FC470C3D 41B869B1 37617E11 1388987C 5884E8FC C9145166 2BAD8E38 
#ClientEphemeralPublicKey_Y: B07027DE C9A65AB4 8AB83684 D397FA6F 71A34AB0 B3FE01BD C9D01DFC 574D6BAD 
#Begin Certificate Verify...Done.
#HashedValue: 055AB1A0 603B290D E7209B24 1C0F8F24 A7B20CE2 20A58B84 90A29117 27A48388 
#(NonceK, Time):
5FFE2AAA 02007801 80A38183 8021807B B0094018 7F035406 B033C043 8F0C9417 , 298676
#ClientRandomness: 46E4330B 57E77CAA A2FF3800 11800C40 06B00334 03F743A6 B39AF78B 048740E2 
#ServerRandomness: B3C9B7B6 F496C4EE D0CC5FD5 FABF0230 005403BF 4390338C 1785CC83 16E1CF08 
#Generating client ephemeral key...Done.
#ClientEphemeralSecretKey: B62EC86F E09081C4 82F706B0 764148FE 9EA9A99B E2238780 0A04E7F2 0ABFE656 
#ClientEphemeralPublicKey_X: A3D5B851 B2182AA5 E854DE4D 79A83755 23D9D5FA E71939C0 E1171A44 55CDCB18 
#ClientEphemeralPublicKey_Y: FF11A533 2A9CCF97 D29478D3 A368E21B 3B485AF8 D9871BF0 90C45F6B 16DAE171 
#Begin Certificate Verify...Done.
#HashedValue: F411F7ED 9B80C3E7 CAFBBDFC 5FABA2A9 44A6D5C9 CAEC3698 03437B37 E8827510 
#(NonceK, Time):
36E9369D 56D536CE E8DA1EDF 44BA0E5A 65647372 FF0DABE8 08336045 AA8CE617 , 328197
#ClientRandomness: E6FF0B00 05E00368 03CE83B4 63976B8E AD847D43 6111E82C 4D9DF549 8716E0EE 
#ServerRandomness: CBCC55B5 FF5702DE 8018638A AB873D82 9141AC10 7E8C2125 D83B1993 4A4DF675 
#Generating client ephemeral key...Done.
#ClientEphemeralSecretKey: 05E5F28E 39EFA296 79CC5D12 2C3A1059 40DD012E 7C69509E BE29D79B CA206787 
#ClientEphemeralPublicKey_X: 4383B6DB 555B1225 32118DA3 847FEF8F 3962355F 1F58AE45 A303C99D F6380B70 
#ClientEphemeralPublicKey_Y: 5FAE3D11 CECC42CC 3F11BCDD E17DD14F EC642028 C3829C92 85E3EFFD A4DCD797 
#Begin Certificate Verify...Done.
#HashedValue: B1B37B18 E02778DE 1CA55E1E 0711C5D3 7CB28A34 8C8866CD CAF72CDF EA83C473 
#(NonceK, Time):
F925238B C9D962DB 66EA769A 6FD56ACE E50A0C1F 47130BC6 BDB6D24F F4B431B7 , 332539
#ClientRandomness: 74C764D2 A8DDBDD9 B17AF403 0481C0E0 53C83FB6 9296EC2E CE9C5529 FF3EC2F0 
#ServerRandomness: 50043F83 5281FC20 4298302A 979F2C88 1EE6890A E6270B5A 85DB237B 5BC379B1 
#Generating client ephemeral key...Done.
#ClientEphemeralSecretKey: 4B861A0A D81A5FDF AAD566C8 76E2C979 635B7B26 DB89DA18 5827A075 7F4854E2 
#ClientEphemeralPublicKey_X: 3F257D54 961E2E77 40114B48 5F9A8ED7 A7951E61 4390CC67 BE9FFE69 9F87C204 
#ClientEphemeralPublicKey_Y: 5859FA7A ABEAC6F4 2CC1FEC8 22282C47 28B5507C 4A134A89 F0D053E4 F32E0636 
#Begin Certificate Verify...Done.
#HashedValue: 3C12F4F3 87CC6B43 D73D50AC B1DA9F50 EAB395C9 896FC09D 91660147 1A166F6E 
#(NonceK, Time):
C65B7723 55F2B2B9 A0207F84 A209F81B 7AA35986 B101C3FB BF5354C0 8C22907F , 321744
#ClientRandomness: 1825C99B 164B4F77 76C6A712 F8ED81CD A075BBA7 319A944B 2CB75EF6 B906F222 
#ServerRandomness: C45990BA EFF30EA5 C53B1333 4FF5F6A7 073A80F3 23C5DBB3 1995CA4F 16740F67 
#Generating client ephemeral key...Done.
#ClientEphemeralSecretKey: 23BD05AD 726D476E 0B6A6499 F1DD3D2B 2C65108D C1EEFD6C AC94EE37 17B3CA46 
#ClientEphemeralPublicKey_X: 13E26C61 AC935921 7F144F15 58DC2823 FF8B1EA8 5A31DBC4 321C5A59 7AA3FAFB 
#ClientEphemeralPublicKey_Y: 49AFA02C 1FE5E465 6E5A0F2C 5ECBB23F 91D03255 1D7FA6DA 3C1C1CAB ACF4FF9F 
#Begin Certificate Verify...Done.
#HashedValue: 0353E93A 77E82B75 4EB2BDDB B387B819 1ADA0B0E 460EEE4D FB081094 768B5480 
#(NonceK, Time):
32D43931 EF9A95DC 451E0C2A 051673C9 D11643CF E9561CCF E4C20EFF 877F0B50 , 324241
#ClientRandomness: 6282A821 BD98714A A417388E 91E46C6B 6EAF6D3C 2D31DD34 59377A36 A256F87E 
#ServerRandomness: C1A05058 3FBA9293 2C2DDE9D 9929AA3E FE50417C 3001D780 5C803AE0 12080C46 
#Generating client ephemeral key...Done.
#ClientEphemeralSecretKey: 4E831606 C80A601F FFD5AAC8 E6E70973 63457B0E DBE95A9B A625F78B 35E3B286 
#ClientEphemeralPublicKey_X: B321D43E ED67D6F3 E80AE707 71845A3B 6FA07DC7 9C1E5206 56DECA6C 42B78A3D 
#ClientEphemeralPublicKey_Y: 9B308EBF 2BC81FEC 01E53743 FCE65F69 F27C4855 E1C0E9AA C735C460 395C8D90 
#Begin Certificate Verify...Done.
#HashedValue: A8070A6B BE93B6BA 1E6249C3 5A4C949B 9D06FAB9 F9718C6D D69CD29A E3A245B1 
#(NonceK, Time):
BF4BD4E3 4C279075 DFC9D518 620F7816 16A3C986 ACC1EEFB B9FF5D50 2DE09282 , 326479
#ClientRandomness: 8B9DA589 BB46F1D2 C47D90A1 AFF87EA2 A139B832 F195844F 20B41BF7 49A6B65A 
#ServerRandomness: F77B04C3 40D1F3DC 47B9F092 C7ED90AD AFFDBEA1 B1387432 A495B8EF 31CC1475 
#Generating client ephemeral key...Done.
#ClientEphemeralSecretKey: 3A3827A1 8A7E98AF A193FDC3 AD006C04 6FF26ABA E65908DB E126038F FA16A7CC 
#ClientEphemeralPublicKey_X: 31B53F9C 3C6E90B9 0C494100 08F50D25 432A0578 9F94612B CC237D89 C5FB8BA5 
#ClientEphemeralPublicKey_Y: D609688D E0BE5D0B 4453DD6F 86B2D1AE 0ADC7991 8BB0509D 6C8A3D43 5AB85214 
#Begin Certificate Verify...Done.
#HashedValue: DE0D0C0E FCE08327 139DFE8C B6AC1B86 E17233E7 8C49CAB8 49DCAF99 54D1E99B 
#(NonceK, Time):
4D2C9391 3799B5DE 569E362A 00CE7EE9 103F4055 0D0CEC12 239385C6 A2DEF92F , 322000
#ClientRandomness: D9399A32 EA558E7F 25601B08 09E6866A E36F0BCC 05B5C357 13DE8FB8 6692AB2D 
#ServerRandomness: BDFDB161 B4087486 A4E2F8C9 81D6E07E CBA05598 3F4A92D7 2C1E9E88 6926AE3A 
#Generating client ephemeral key...Done.
#ClientEphemeralSecretKey: 62EE796A DC9951DB BD25D38B C5E0F284 39F722B5 864E88EF 9E9329C0 1D0153FD 
#ClientEphemeralPublicKey_X: 0F61479E 4432BDFB AC8E756B B8EC90BD 84F17101 515638AC 826B9DCF 9D8D47F4 
#ClientEphemeralPublicKey_Y: CA1F034C 36A113DA 238EBA2B 00C25915 E081482C 8121B96E A26FD383 ABCE7E60 
#Begin Certificate Verify...Done.
#HashedValue: 0A86609A CEF7964B 0629DDEE B2871D2A 7EF0DD95 1B97120E EDF92756 CBAAF708 
#(NonceK, Time):
0E9569CD FB4E24EF 21670375 C24DF8E8 04B771B5 C964E374 DECDD6E8 025F78D5 , 324103
#ClientRandomness: BAE1B208 7446A4B2 F8F581C7 20729BA5 A99B3E4B 51777C06 A282F821 8198604A 
#ServerRandomness: ABB73D96 914EEC14 4E8F7524 273B58F3 79C5E273 0865C5AB 135F4FD8 36BA9733 
#Generating client ephemeral key...Done.
#ClientEphemeralSecretKey: 3E272875 1F4D54ED B16DC36B FB60A484 71F4C2B1 79BB5DA6 2D8A1219 C7DEF52C 
#ClientEphemeralPublicKey_X: 732C2386 1669D0BE 3F13BE92 A007FB6D 59897C86 D6B0A7D0 3CA68322 485C61EA 
#ClientEphemeralPublicKey_Y: 3858AC66 1ACB4411 EFC472C4 E910D208 7BDAFFBC 3628F401 36E8684F F0A48D30 
#Begin Certificate Verify...Done.
#HashedValue: A13CD59D 2859AED6 1D02FB13 C648DB64 C3337358 48CFBF78 F098E58C BFC9B8DF 
#(NonceK, Time):
C469F098 655D732E 27020BF9 BBB35A40 8D549337 CB82E5FC 8E5B1720 437284B9 , 320664
#ClientRandomness: 6471E8A4 4DFB7563 6709E8E6 CDCAD577 1F068AE2 E6098B46 E5D2CB7D 95C1AF70 
#ServerRandomness: 7EC42113 582DF99D 8249A076 FBA6C19A D04B1FB7 4A96B62E F75C44D9 F0DAC7DB 
#Generating client ephemeral key...Done.
#ClientEphemeralSecretKey: E039005B FF262B8F 9A16A7CF F513B3C0 C50773F3 C545F308 3BE7A576 F34FBB10 
#ClientEphemeralPublicKey_X: 8BA5E131 27AD1487 B9F311DF E83D5EAB B5A40D5C 044ABFCB 6920AF4E 1A22EE5C 
#ClientEphemeralPublicKey_Y: 9738D7BE FE90079B 12A00B80 87754862 287F2733 5D374528 FF8E3FF0 A975C7B2 
#Begin Certificate Verify...Done.
#HashedValue: 69373416 3E9640EB AA2ED74F BE7CC2F7 EBF95099 46244B4A F37928A6 2A68A60F 
#(NonceK, Time):
6E0C6812 3D63AC86 A48DF1EB 1B6B5B65 6F6DEB6D 252D0C6D 33193BDD 57F6354A , 330261
#ClientRandomness: 077E80C0 63D02BBC 1D91C94C 5615FF4F 02D4001F 43883386 9782EC81 8EE06508 
#ServerRandomness: 2B269DFA E9630E09 C546D312 DFED9AAD AA3DBE51 B17C7401 E48048E0 35C81776 
#Generating client ephemeral key...Done.
#ClientEphemeralSecretKey: 5A86260A 881A9FDF AAD3E6C3 89009C07 2FF01541 CCFE6EAF E9951DCB D2E6C68C 
#ClientEphemeralPublicKey_X: 2B2394E6 20FA6CA2 50A88ECF EA2CE543 8F07FB97 61B1DD45 4CCC0CE8 343BE085 
#ClientEphemeralPublicKey_Y: C99C082F BEE59F86 CD90377D 7EA8F437 ED5A4C38 FBB99C24 95E3E48E BBFF0E81 
#Begin Certificate Verify...Done.
#HashedValue: 86CFDEF5 16955C50 A6094095 C6B41789 F0294E22 6E995E96 8F46B49F EA2070AA 
#(NonceK, Time):
C30B7BE3 54F3B145 B870DF47 A598F227 633EFBA9 0EFC6951 235084C2 8AE2997F , 328001
#ClientRandomness: C827159A 8F4B26D7 5B1EB9E8 726EA46C 78ADE1FD 8861A5A8 7B5EA1D8 787AA1A3 
#ServerRandomness: 3859D1BA DC531ABD CA319654 6F7F6EC0 2D101D2C 093DC631 93546FDF 6EB82D32 
#Generating client ephemeral key...Done.
#ClientEphemeralSecretKey: FE7228BF 9E56A8CF E11383C0 0504F3F2 3ABF2655 88CE1EEC 5691363E 37A9359D 
#ClientEphemeralPublicKey_X: 50B4E814 A8524533 28D4CDB2 9AF15592 69F1EDCB F4ECDE16 5C901AEA B0EEFC48 
#ClientEphemeralPublicKey_Y: CA7D8A52 451ECA15 017A7C9D 098BE0A9 FA95F471 83DEE844 5123155F 1093C394 
#Begin Certificate Verify...Done.
#HashedValue: 3F448347 CD28A494 44A93F34 522D0F5B D65B9B06 446DEE37 EE320988 6EDE1318 
#(NonceK, Time):
807800A4 6818E021 5C86AE09 C2EB7963 5495B1CD E86E1F6F 249D0E2D 336E3B69 , 314938
#ClientRandomness: 6D55ED1F 0D28053E 833063F4 2BA75D9A B94B3217 544EBCB4 72F76406 A882FDE1 
#ServerRandomness: 8168600E AB847D83 6141E810 4D8C3545 D7131CED CACD9615 AF4F3ED4 111F4C28 
#Generating client ephemeral key...Done.
#ClientEphemeralSecretKey: A4B1F1BB 3DA32D85 120DC7EE 756F4C96 91C93D18 2C21107D C0AEFE6C 28979E36 
#ClientEphemeralPublicKey_X: 2AED168A 2C9C5A71 AF53CBC7 536562E0 14140061 E08F5AD0 03DF2E7F F1C3D999 
#ClientEphemeralPublicKey_Y: 46914462 881D82FB 3D5766E8 8C8ADCEC EB7C4417 9E6CCDE2 FDD5A7CB C3C316AB 
#Begin Certificate Verify...Done.
#HashedValue: B4C67FFE FCFAB640 EDCADD27 0CE26938 11F9B7F7 D03EA837 FD6D551F 8703D309 
#(NonceK, Time):
BB645B74 C56DF368 050D73ED 391323C5 A5D6F2CF F32A3B9F 43F9055E 4CC01102 , 325499
#ClientRandomness: 53B5FF97 028E8024 639B6B8B 6D876D42 AD11BD2C 713DE431 889465EF 6B6C2DCD 
#ServerRandomness: DD759907 2A229E59 A97AFE03 0141C010 538C3F85 D2831C21 CA98562A BF5F32D8 
#Generating client ephemeral key...Done.
#ClientEphemeralSecretKey: 3F5E2B29 1B9DDA2E 586F2096 01C9FD1E AC2C6F94 6A32E7B9 0A5BE726 8B8C1A14 
#ClientEphemeralPublicKey_X: 2519899A 266266D5 4B726678 9A0F9BFC F0D7038F C9EE855D 7B111EEE 70D01D1A 
#ClientEphemeralPublicKey_Y: 88F8CEC6 1F31F0C8 332576ED 1A149122 F86F02B2 53BDF3E3 8A3B68B6 1ED5B216 
#Begin Certificate Verify...Done.
#HashedValue: 627F7106 8E383CBF 337E06DD A03F9FA1 FBD43CC2 B16B2203 2ABB39F2 FAFAD141 
#(NonceK, Time):
1C225079 B6C94918 7EDF56D6 105AC0DA 75124C3A AA1667CC F0263F8F E309041B , 318953
#ClientRandomness: 4669F36E C7CC50B5 FFF702A6 803AE393 0B8DC585 93432FD1 DEBC5931 FA344257 
#ServerRandomness: 707EA7A0 789821EA 986F29AC 1E5DC979 9602EF41 8ED0651C 2B29DDFE D9605A08 
#Generating client ephemeral key...Done.
#ClientEphemeralSecretKey: E9E21D7F D356C4CC F1143C37 AFB66A4C 6712F439 305B3F25 AB8E65EC 7292463A 
#ClientEphemeralPublicKey_X: 4699A98A 0F093325 F427985E E6841372 834AEECE 47CE5C3E 486AE1CE 3040571F 
#ClientEphemeralPublicKey_Y: 75B3679E 12CFAF37 017F4033 29298CA8 5EF7801E 98ECF91C F282CA01 210816A7 
#Begin Certificate Verify...Done.
#HashedValue: 813D8A77 3249E61D 43E1B345 51542E0F 21CD5D22 D8753B24 39F6FA5F E5A737E5 
#(NonceK, Time):
84E50E88 D175434B C1487CE7 7C47D0F5 D0D7C130 F13ABC5C 435C04D2 34E2B17A , 318743
#ClientRandomness: 485775BE A75078DC 21D9D87A D9A31A59 CA7AD663 1F69CACE D6145F4F 7AD4221F 
#ServerRandomness: 584839B6 9256EC7E CEA05538 3F3292F5 AC073E82 9121AC38 7E92A12D B83DB191 
#Generating client ephemeral key...Done.
#ClientEphemeralSecretKey: 3901A3FE 7AAC5992 A2397858 DF21547B B0A5C18B 7DE3D285 C608F7E4 B5744CB4 
#ClientEphemeralPublicKey_X: E0FEEA97 5E9E5C98 1A13CAFC C0C7228A 5EDB81AD 45C9048C A30F7ECD 16F21D9F 
#ClientEphemeralPublicKey_Y: 75715F66 EF3EF979 D99595F1 A50982E2 856B09B1 D5529405 5BB3FE74 6B2F7A4C 
#Begin Certificate Verify...